stdio    D         file_stdio.c:105  file_stdio_fopen                 [   0.00000] opening C:\Users\Przemek\Documents\GitHub\PJP2-Przemys-aw--ukasiuk\Gra\Project1\Debug\allegro5.cfg r
system   D            wsystem.c:721  maybe_parent_dir                 [   0.00000] Also searching C:\Users\Przemek\Documents\GitHub\PJP2-Przemys-aw--ukasiuk\Gra\Project1\
system   D            wsystem.c:771  _al_win_safe_load_library        [   0.00000] PathFindOnPath found: C:\Windows\system32\shcore.dll
system   D            wsystem.c:682  load_library_at_path             [   0.00000] Calling LoadLibrary C:\Windows\system32\shcore.dll
system   I            wsystem.c:685  load_library_at_path             [   0.00000] Loaded C:\Windows\system32\shcore.dll
system   I             system.c:257  al_install_system                [   0.00000] Allegro version: 5.2.1
system   D            wsystem.c:721  maybe_parent_dir                 [   0.00041] Also searching C:\Users\Przemek\Documents\GitHub\PJP2-Przemys-aw--ukasiuk\Gra\Project1\
system   D            wsystem.c:771  _al_win_safe_load_library        [   0.00070] PathFindOnPath found: C:\Windows\system32\d3d9.dll
system   D            wsystem.c:682  load_library_at_path             [   0.00073] Calling LoadLibrary C:\Windows\system32\d3d9.dll
system   I            wsystem.c:685  load_library_at_path             [   0.00936] Loaded C:\Windows\system32\d3d9.dll
d3d      I         d3d_disp.cpp:674  d3d_init_display                 [   0.07120] Render-to-texture: 1
d3d      I         d3d_disp.cpp:1769 d3d_create_display_locked        [   0.07247] faux_fullscreen=0
d3d      D         d3d_disp.cpp:1770 d3d_create_display_locked        [   0.07309] al_display=007B9668
d3d      D         d3d_disp.cpp:1771 d3d_create_display_locked        [   0.07351] al_display->vt=007AD5C8
d3d      I d3d_display_formats.cpp:144  _al_d3d_generate_display_format_list [   0.07438] found 64 format combinations
display  D   display_settings.c:212  debug_display_settings           [   0.07444] color: 32 (rgba 8880), depth: 0, stencil: 0, acc: 0000, samples: 0/0
display  D   display_settings.c:527  _al_score_display_settings       [   0.07449] Score is : 897
display  D   display_settings.c:212  debug_display_settings           [   0.07452] color: 32 (rgba 8880), depth: 0, stencil: 0, acc: 0000, samples: 0/0
display  D   display_settings.c:527  _al_score_display_settings       [   0.07456] Score is : 897
display  D   display_settings.c:212  debug_display_settings           [   0.07458] color: 32 (rgba 8880), depth: 24, stencil: 8, acc: 0000, samples: 0/0
display  D   display_settings.c:527  _al_score_display_settings       [   0.07461] Score is : 897
display  D   display_settings.c:212  debug_display_settings           [   0.07464] color: 32 (rgba 8880), depth: 24, stencil: 8, acc: 0000, samples: 0/0
display  D   display_settings.c:527  _al_score_display_settings       [   0.07467] Score is : 897
display  D   display_settings.c:212  debug_display_settings           [   0.07470] color: 32 (rgba 8880), depth: 24, stencil: 0, acc: 0000, samples: 0/0
display  D   display_settings.c:527  _al_score_display_settings       [   0.07473] Score is : 897
display  D   display_settings.c:212  debug_display_settings           [   0.07475] color: 32 (rgba 8880), depth: 24, stencil: 0, acc: 0000, samples: 0/0
display  D   display_settings.c:527  _al_score_display_settings       [   0.07479] Score is : 897
display  D   display_settings.c:212  debug_display_settings           [   0.07481] color: 32 (rgba 8880), depth: 16, stencil: 0, acc: 0000, samples: 0/0
display  D   display_settings.c:527  _al_score_display_settings       [   0.07484] Score is : 897
display  D   display_settings.c:212  debug_display_settings           [   0.07487] color: 32 (rgba 8880), depth: 16, stencil: 0, acc: 0000, samples: 0/0
display  D   display_settings.c:527  _al_score_display_settings       [   0.07490] Score is : 897
display  D   display_settings.c:212  debug_display_settings           [   0.07492] color: 16 (rgba 5650), depth: 0, stencil: 0, acc: 0000, samples: 0/0
display  D   display_settings.c:527  _al_score_display_settings       [   0.07504] Score is : 897
display  D   display_settings.c:212  debug_display_settings           [   0.07507] color: 16 (rgba 5650), depth: 0, stencil: 0, acc: 0000, samples: 0/0
display  D   display_settings.c:527  _al_score_display_settings       [   0.07510] Score is : 897
display  D   display_settings.c:212  debug_display_settings           [   0.07512] color: 16 (rgba 5650), depth: 24, stencil: 8, acc: 0000, samples: 0/0
display  D   display_settings.c:527  _al_score_display_settings       [   0.07516] Score is : 897
display  D   display_settings.c:212  debug_display_settings           [   0.07518] color: 16 (rgba 5650), depth: 24, stencil: 8, acc: 0000, samples: 0/0
display  D   display_settings.c:527  _al_score_display_settings       [   0.07521] Score is : 897
display  D   display_settings.c:212  debug_display_settings           [   0.07524] color: 16 (rgba 5650), depth: 24, stencil: 0, acc: 0000, samples: 0/0
display  D   display_settings.c:527  _al_score_display_settings       [   0.07528] Score is : 897
display  D   display_settings.c:212  debug_display_settings           [   0.07530] color: 16 (rgba 5650), depth: 24, stencil: 0, acc: 0000, samples: 0/0
display  D   display_settings.c:527  _al_score_display_settings       [   0.07533] Score is : 897
display  D   display_settings.c:212  debug_display_settings           [   0.07535] color: 16 (rgba 5650), depth: 16, stencil: 0, acc: 0000, samples: 0/0
display  D   display_settings.c:527  _al_score_display_settings       [   0.07539] Score is : 897
display  D   display_settings.c:212  debug_display_settings           [   0.07541] color: 16 (rgba 5650), depth: 16, stencil: 0, acc: 0000, samples: 0/0
display  D   display_settings.c:527  _al_score_display_settings       [   0.07544] Score is : 897
display  D   display_settings.c:212  debug_display_settings           [   0.07547] color: 32 (rgba 8880), depth: 0, stencil: 0, acc: 0000, samples: 0/0
display  D   display_settings.c:398  _al_score_display_settings       [   0.07551] Single Buffer requirement not met.
display  D   display_settings.c:212  debug_display_settings           [   0.07553] color: 32 (rgba 8880), depth: 0, stencil: 0, acc: 0000, samples: 0/0
display  D   display_settings.c:398  _al_score_display_settings       [   0.07556] Single Buffer requirement not met.
display  D   display_settings.c:212  debug_display_settings           [   0.07559] color: 32 (rgba 8880), depth: 24, stencil: 8, acc: 0000, samples: 0/0
display  D   display_settings.c:398  _al_score_display_settings       [   0.07562] Single Buffer requirement not met.
display  D   display_settings.c:212  debug_display_settings           [   0.07565] color: 32 (rgba 8880), depth: 24, stencil: 8, acc: 0000, samples: 0/0
display  D   display_settings.c:398  _al_score_display_settings       [   0.07568] Single Buffer requirement not met.
display  D   display_settings.c:212  debug_display_settings           [   0.07570] color: 32 (rgba 8880), depth: 24, stencil: 0, acc: 0000, samples: 0/0
display  D   display_settings.c:398  _al_score_display_settings       [   0.07574] Single Buffer requirement not met.
display  D   display_settings.c:212  debug_display_settings           [   0.07576] color: 32 (rgba 8880), depth: 24, stencil: 0, acc: 0000, samples: 0/0
display  D   display_settings.c:398  _al_score_display_settings       [   0.07580] Single Buffer requirement not met.
display  D   display_settings.c:212  debug_display_settings           [   0.07583] color: 32 (rgba 8880), depth: 16, stencil: 0, acc: 0000, samples: 0/0
display  D   display_settings.c:398  _al_score_display_settings       [   0.07587] Single Buffer requirement not met.
display  D   display_settings.c:212  debug_display_settings           [   0.07590] color: 32 (rgba 8880), depth: 16, stencil: 0, acc: 0000, samples: 0/0
display  D   display_settings.c:398  _al_score_display_settings       [   0.07594] Single Buffer requirement not met.
display  D   display_settings.c:212  debug_display_settings           [   0.07596] color: 16 (rgba 5650), depth: 0, stencil: 0, acc: 0000, samples: 0/0
display  D   display_settings.c:398  _al_score_display_settings       [   0.07600] Single Buffer requirement not met.
display  D   display_settings.c:212  debug_display_settings           [   0.07603] color: 16 (rgba 5650), depth: 0, stencil: 0, acc: 0000, samples: 0/0
display  D   display_settings.c:398  _al_score_display_settings       [   0.07606] Single Buffer requirement not met.
display  D   display_settings.c:212  debug_display_settings           [   0.07608] color: 16 (rgba 5650), depth: 24, stencil: 8, acc: 0000, samples: 0/0
display  D   display_settings.c:398  _al_score_display_settings       [   0.07611] Single Buffer requirement not met.
display  D   display_settings.c:212  debug_display_settings           [   0.07614] color: 16 (rgba 5650), depth: 24, stencil: 8, acc: 0000, samples: 0/0
display  D   display_settings.c:398  _al_score_display_settings       [   0.07618] Single Buffer requirement not met.
display  D   display_settings.c:212  debug_display_settings           [   0.07621] color: 16 (rgba 5650), depth: 24, stencil: 0, acc: 0000, samples: 0/0
display  D   display_settings.c:398  _al_score_display_settings       [   0.07625] Single Buffer requirement not met.
display  D   display_settings.c:212  debug_display_settings           [   0.07628] color: 16 (rgba 5650), depth: 24, stencil: 0, acc: 0000, samples: 0/0
display  D   display_settings.c:398  _al_score_display_settings       [   0.07631] Single Buffer requirement not met.
display  D   display_settings.c:212  debug_display_settings           [   0.07633] color: 16 (rgba 5650), depth: 16, stencil: 0, acc: 0000, samples: 0/0
display  D   display_settings.c:398  _al_score_display_settings       [   0.07637] Single Buffer requirement not met.
display  D   display_settings.c:212  debug_display_settings           [   0.07639] color: 16 (rgba 5650), depth: 16, stencil: 0, acc: 0000, samples: 0/0
display  D   display_settings.c:398  _al_score_display_settings       [   0.07642] Single Buffer requirement not met.
display  D   display_settings.c:212  debug_display_settings           [   0.07645] color: 32 (rgba 8880), depth: 0, stencil: 0, acc: 0000, samples: 0/0
display  D   display_settings.c:527  _al_score_display_settings       [   0.07649] Score is : 769
display  D   display_settings.c:212  debug_display_settings           [   0.07651] color: 32 (rgba 8880), depth: 0, stencil: 0, acc: 0000, samples: 0/0
display  D   display_settings.c:527  _al_score_display_settings       [   0.07655] Score is : 769
display  D   display_settings.c:212  debug_display_settings           [   0.07657] color: 32 (rgba 8880), depth: 24, stencil: 8, acc: 0000, samples: 0/0
display  D   display_settings.c:527  _al_score_display_settings       [   0.07660] Score is : 769
display  D   display_settings.c:212  debug_display_settings           [   0.07663] color: 32 (rgba 8880), depth: 24, stencil: 8, acc: 0000, samples: 0/0
display  D   display_settings.c:527  _al_score_display_settings       [   0.07666] Score is : 769
display  D   display_settings.c:212  debug_display_settings           [   0.07668] color: 32 (rgba 8880), depth: 24, stencil: 0, acc: 0000, samples: 0/0
display  D   display_settings.c:527  _al_score_display_settings       [   0.07672] Score is : 769
display  D   display_settings.c:212  debug_display_settings           [   0.07674] color: 32 (rgba 8880), depth: 24, stencil: 0, acc: 0000, samples: 0/0
display  D   display_settings.c:527  _al_score_display_settings       [   0.07677] Score is : 769
display  D   display_settings.c:212  debug_display_settings           [   0.07680] color: 32 (rgba 8880), depth: 16, stencil: 0, acc: 0000, samples: 0/0
display  D   display_settings.c:527  _al_score_display_settings       [   0.07683] Score is : 769
display  D   display_settings.c:212  debug_display_settings           [   0.07686] color: 32 (rgba 8880), depth: 16, stencil: 0, acc: 0000, samples: 0/0
display  D   display_settings.c:527  _al_score_display_settings       [   0.07689] Score is : 769
display  D   display_settings.c:212  debug_display_settings           [   0.07692] color: 16 (rgba 5650), depth: 0, stencil: 0, acc: 0000, samples: 0/0
display  D   display_settings.c:527  _al_score_display_settings       [   0.07695] Score is : 769
display  D   display_settings.c:212  debug_display_settings           [   0.07698] color: 16 (rgba 5650), depth: 0, stencil: 0, acc: 0000, samples: 0/0
display  D   display_settings.c:527  _al_score_display_settings       [   0.07701] Score is : 769
display  D   display_settings.c:212  debug_display_settings           [   0.07704] color: 16 (rgba 5650), depth: 24, stencil: 8, acc: 0000, samples: 0/0
display  D   display_settings.c:527  _al_score_display_settings       [   0.07707] Score is : 769
display  D   display_settings.c:212  debug_display_settings           [   0.07709] color: 16 (rgba 5650), depth: 24, stencil: 8, acc: 0000, samples: 0/0
display  D   display_settings.c:527  _al_score_display_settings       [   0.07712] Score is : 769
display  D   display_settings.c:212  debug_display_settings           [   0.07715] color: 16 (rgba 5650), depth: 24, stencil: 0, acc: 0000, samples: 0/0
display  D   display_settings.c:527  _al_score_display_settings       [   0.07718] Score is : 769
display  D   display_settings.c:212  debug_display_settings           [   0.07720] color: 16 (rgba 5650), depth: 24, stencil: 0, acc: 0000, samples: 0/0
display  D   display_settings.c:527  _al_score_display_settings       [   0.07723] Score is : 769
display  D   display_settings.c:212  debug_display_settings           [   0.07726] color: 16 (rgba 5650), depth: 16, stencil: 0, acc: 0000, samples: 0/0
display  D   display_settings.c:527  _al_score_display_settings       [   0.07729] Score is : 769
display  D   display_settings.c:212  debug_display_settings           [   0.07731] color: 16 (rgba 5650), depth: 16, stencil: 0, acc: 0000, samples: 0/0
display  D   display_settings.c:527  _al_score_display_settings       [   0.07735] Score is : 769
display  D   display_settings.c:212  debug_display_settings           [   0.07737] color: 32 (rgba 8880), depth: 0, stencil: 0, acc: 0000, samples: 0/0
display  D   display_settings.c:398  _al_score_display_settings       [   0.07740] Single Buffer requirement not met.
display  D   display_settings.c:212  debug_display_settings           [   0.07743] color: 32 (rgba 8880), depth: 0, stencil: 0, acc: 0000, samples: 0/0
display  D   display_settings.c:398  _al_score_display_settings       [   0.07746] Single Buffer requirement not met.
display  D   display_settings.c:212  debug_display_settings           [   0.07749] color: 32 (rgba 8880), depth: 24, stencil: 8, acc: 0000, samples: 0/0
display  D   display_settings.c:398  _al_score_display_settings       [   0.07753] Single Buffer requirement not met.
display  D   display_settings.c:212  debug_display_settings           [   0.07755] color: 32 (rgba 8880), depth: 24, stencil: 8, acc: 0000, samples: 0/0
display  D   display_settings.c:398  _al_score_display_settings       [   0.07758] Single Buffer requirement not met.
display  D   display_settings.c:212  debug_display_settings           [   0.07761] color: 32 (rgba 8880), depth: 24, stencil: 0, acc: 0000, samples: 0/0
display  D   display_settings.c:398  _al_score_display_settings       [   0.07764] Single Buffer requirement not met.
display  D   display_settings.c:212  debug_display_settings           [   0.07767] color: 32 (rgba 8880), depth: 24, stencil: 0, acc: 0000, samples: 0/0
display  D   display_settings.c:398  _al_score_display_settings       [   0.07770] Single Buffer requirement not met.
display  D   display_settings.c:212  debug_display_settings           [   0.07773] color: 32 (rgba 8880), depth: 16, stencil: 0, acc: 0000, samples: 0/0
display  D   display_settings.c:398  _al_score_display_settings       [   0.07776] Single Buffer requirement not met.
display  D   display_settings.c:212  debug_display_settings           [   0.07778] color: 32 (rgba 8880), depth: 16, stencil: 0, acc: 0000, samples: 0/0
display  D   display_settings.c:398  _al_score_display_settings       [   0.07787] Single Buffer requirement not met.
display  D   display_settings.c:212  debug_display_settings           [   0.07790] color: 16 (rgba 5650), depth: 0, stencil: 0, acc: 0000, samples: 0/0
display  D   display_settings.c:398  _al_score_display_settings       [   0.07793] Single Buffer requirement not met.
display  D   display_settings.c:212  debug_display_settings           [   0.07796] color: 16 (rgba 5650), depth: 0, stencil: 0, acc: 0000, samples: 0/0
display  D   display_settings.c:398  _al_score_display_settings       [   0.07800] Single Buffer requirement not met.
display  D   display_settings.c:212  debug_display_settings           [   0.07802] color: 16 (rgba 5650), depth: 24, stencil: 8, acc: 0000, samples: 0/0
display  D   display_settings.c:398  _al_score_display_settings       [   0.07806] Single Buffer requirement not met.
display  D   display_settings.c:212  debug_display_settings           [   0.07808] color: 16 (rgba 5650), depth: 24, stencil: 8, acc: 0000, samples: 0/0
display  D   display_settings.c:398  _al_score_display_settings       [   0.07811] Single Buffer requirement not met.
display  D   display_settings.c:212  debug_display_settings           [   0.07814] color: 16 (rgba 5650), depth: 24, stencil: 0, acc: 0000, samples: 0/0
display  D   display_settings.c:398  _al_score_display_settings       [   0.07817] Single Buffer requirement not met.
display  D   display_settings.c:212  debug_display_settings           [   0.07824] color: 16 (rgba 5650), depth: 24, stencil: 0, acc: 0000, samples: 0/0
display  D   display_settings.c:398  _al_score_display_settings       [   0.07827] Single Buffer requirement not met.
display  D   display_settings.c:212  debug_display_settings           [   0.07829] color: 16 (rgba 5650), depth: 16, stencil: 0, acc: 0000, samples: 0/0
display  D   display_settings.c:398  _al_score_display_settings       [   0.07831] Single Buffer requirement not met.
display  D   display_settings.c:212  debug_display_settings           [   0.07832] color: 16 (rgba 5650), depth: 16, stencil: 0, acc: 0000, samples: 0/0
display  D   display_settings.c:398  _al_score_display_settings       [   0.07834] Single Buffer requirement not met.
d3d      D         d3d_disp.cpp:1669 d3d_create_display_internals     [   0.07838] Trying format 0.
d3d      I         d3d_disp.cpp:1344 d3d_display_thread_proc          [   0.07918] Chose a display format: 23
d3d      I         d3d_disp.cpp:1413 d3d_display_thread_proc          [   0.07923] Normal window.
d3d      I         d3d_disp.cpp:781  d3d_create_device                [   0.11066] Using no depth stencil buffer
d3d      D         d3d_disp.cpp:839  d3d_create_device                [   0.12429] BeginScene succeeded in create_device
d3d      D         d3d_disp.cpp:847  d3d_create_device                [   0.12433] Success
d3d      D         d3d_disp.cpp:1692 d3d_create_display_internals     [   0.12437] Resumed after wait.
d3d      I         d3d_disp.cpp:1725 d3d_create_display_internals     [   0.12443] Format 0 succeeded.
d3d      D         d3d_disp.cpp:1756 d3d_create_display_internals     [   0.12448] Returning d3d_display: 007B9668
d3d      D         d3d_disp.cpp:1781 d3d_create_display_locked        [   0.12451] al_display=007B9668
d3d      D         d3d_disp.cpp:1782 d3d_create_display_locked        [   0.12453] al_display->vt=007AD5C8
system   D            wsystem.c:721  maybe_parent_dir                 [   0.12478] Also searching C:\Users\Przemek\Documents\GitHub\PJP2-Przemys-aw--ukasiuk\Gra\Project1\
system   W            wsystem.c:775  _al_win_safe_load_library        [   0.12577] PathFindOnPath failed to find d3dx9_43.dll
system   D            wsystem.c:721  maybe_parent_dir                 [   0.12595] Also searching C:\Users\Przemek\Documents\GitHub\PJP2-Przemys-aw--ukasiuk\Gra\Project1\
system   W            wsystem.c:775  _al_win_safe_load_library        [   0.12781] PathFindOnPath failed to find d3dx9_42.dll
system   D            wsystem.c:721  maybe_parent_dir                 [   0.12807] Also searching C:\Users\Przemek\Documents\GitHub\PJP2-Przemys-aw--ukasiuk\Gra\Project1\
system   W            wsystem.c:775  _al_win_safe_load_library        [   0.12874] PathFindOnPath failed to find d3dx9_41.dll
system   D            wsystem.c:721  maybe_parent_dir                 [   0.12886] Also searching C:\Users\Przemek\Documents\GitHub\PJP2-Przemys-aw--ukasiuk\Gra\Project1\
system   W            wsystem.c:775  _al_win_safe_load_library        [   0.12944] PathFindOnPath failed to find d3dx9_40.dll
system   D            wsystem.c:721  maybe_parent_dir                 [   0.12956] Also searching C:\Users\Przemek\Documents\GitHub\PJP2-Przemys-aw--ukasiuk\Gra\Project1\
system   D            wsystem.c:771  _al_win_safe_load_library        [   0.12980] PathFindOnPath found: C:\Windows\system32\d3dx9_39.dll
system   D            wsystem.c:682  load_library_at_path             [   0.12984] Calling LoadLibrary C:\Windows\system32\d3dx9_39.dll
system   I            wsystem.c:685  load_library_at_path             [   0.13841] Loaded C:\Windows\system32\d3dx9_39.dll
d3dx9    I        d3d_d3dx9.cpp:88   _imp_load_d3dx9_module_version   [   0.13850] Module "d3dx9_39.dll" loaded.
dtor     D               dtor.c:196  _al_register_destructor          [   0.13865] added dtor for timer 007B2560, func 00C21730
audio-dsound I           dsound.cpp:249  _dsound_open                     [   0.13890] Starting DirectSound...
audio-dsound D           dsound.cpp:258  _dsound_open                     [   0.19229] DirectSoundCreate8 succeeded
audio    I              audio.c:347  do_install_audio                 [   0.19615] Using DirectSound driver
audio-dsound D           dsound.cpp:290  _dsound_allocate_voice           [   0.19626] Allocating voice
audio-dsound D           dsound.cpp:349  _dsound_allocate_voice           [   0.19629] Allocated voice
dtor     D               dtor.c:196  _al_register_destructor          [   0.19632] added dtor for voice 07163348, func 0FC2117C
dtor     D               dtor.c:196  _al_register_destructor          [   0.19638] added dtor for mixer 007E5E58, func 0FC211F9
audio-dsound D           dsound.cpp:446  _dsound_start_voice              [   0.19642] Starting voice
audio-dsound D           dsound.cpp:474  _dsound_start_voice              [   0.19644] CreateSoundBuffer
audio-dsound D           dsound.cpp:483  _dsound_start_voice              [   0.20024] CreateSoundBuffer succeeded
audio-dsound D           dsound.cpp:489  _dsound_start_voice              [   0.20028] Starting _dsound_update thread
audio-dsound I           dsound.cpp:499  _dsound_start_voice              [   0.20079] Voice started
dtor     D               dtor.c:196  _al_register_destructor          [   0.20084] added dtor for sample_instance 07174540, func 0FC214BA
audio    D          kcm_mixer.c:121  _al_rechannel_matrix             [   0.20090] sample matrix:
audio    D          kcm_mixer.c:127  _al_rechannel_matrix             [   0.20093] 
audio    D          kcm_mixer.c:127  _al_rechannel_matrix             [   0.20095] 
acodec   I                ogg.c:204  _al_load_ogg_vorbis              [   0.20101] Loading sample music1.ogg.
stdio    D         file_stdio.c:105  file_stdio_fopen                 [   0.20104] opening music1.ogg rb
acodec   D                ogg.c:263  _al_load_ogg_vorbis_f            [   0.20223] channels 2
acodec   D                ogg.c:264  _al_load_ogg_vorbis_f            [   0.20227] word_size 2
acodec   D                ogg.c:265  _al_load_ogg_vorbis_f            [   0.20230] rate 44100
acodec   D                ogg.c:266  _al_load_ogg_vorbis_f            [   0.20233] total_samples 9411840
acodec   D                ogg.c:267  _al_load_ogg_vorbis_f            [   0.20236] total_size 37647360
dtor     D               dtor.c:196  _al_register_destructor          [   0.81292] added dtor for sample 07153230, func 0FC213ED
dtor     D               dtor.c:196  _al_register_destructor          [   0.81301] added dtor for queue 07174650, func 00C22379
audio    D          kcm_mixer.c:121  _al_rechannel_matrix             [   0.81315] sample matrix:
audio    D          kcm_mixer.c:127  _al_rechannel_matrix             [   0.81318]  0.707107 0.000000
audio    D          kcm_mixer.c:127  _al_rechannel_matrix             [   0.81321]  0.000000 0.707107
stdio    D         file_stdio.c:105  file_stdio_fopen                 [   0.81324] opening do.ttf rb
font     D                ttf.c:937  al_load_ttf_font_stretch_f       [   0.81391] Font do.ttf loaded with pixel size 0 x 16.
font     D                ttf.c:939  al_load_ttf_font_stretch_f       [   0.81394]     ascent=20.0, descent=-4.0, height=24.0
dtor     D               dtor.c:196  _al_register_destructor          [   0.81397] added dtor for ttf_font 007BECF8, func 0FC8105A
stdio    D         file_stdio.c:105  file_stdio_fopen                 [   0.81400] opening grafiki/menu/menu.bmp rb
image    W                bmp.c:1243 _al_load_bmp_f                   [   0.81426] Ignoring invalid alpha mask
d3d      D         d3d_disp.cpp:1188 real_choose_bitmap_format        [   0.81436] Fake format
d3d      D         d3d_disp.cpp:1188 real_choose_bitmap_format        [   0.81438] Fake format
d3d      D         d3d_disp.cpp:1188 real_choose_bitmap_format        [   0.81439] Fake format
d3d      D         d3d_disp.cpp:1188 real_choose_bitmap_format        [   0.81441] Fake format
d3d      D         d3d_disp.cpp:1188 real_choose_bitmap_format        [   0.81442] Fake format
d3d      D         d3d_disp.cpp:1188 real_choose_bitmap_format        [   0.81444] Fake format
d3d      D         d3d_disp.cpp:1188 real_choose_bitmap_format        [   0.81445] Fake format
d3d      D         d3d_disp.cpp:1188 real_choose_bitmap_format        [   0.81446] Fake format
d3d      D         d3d_disp.cpp:1188 real_choose_bitmap_format        [   0.81448] Fake format
d3d      D         d3d_disp.cpp:1196 real_choose_bitmap_format        [   0.81449] Alpha doesn't match
d3d      D         d3d_disp.cpp:1203 real_choose_bitmap_format        [   0.81451] Adapter format is 23
d3d      D         d3d_disp.cpp:1206 real_choose_bitmap_format        [   0.81452] Found a format
d3d      I         d3d_disp.cpp:2378 d3d_create_bitmap                [   0.81455] Chose bitmap format 9
dtor     D               dtor.c:196  _al_register_destructor          [   0.81561] added dtor for bitmap 07192210, func 00C2222A
d3d      D          d3d_bmp.cpp:539  _al_d3d_sync_bitmap              [   0.83033] _al_d3d_sync_bitmap (system) ref count == 1
d3d      D          d3d_bmp.cpp:545  _al_d3d_sync_bitmap              [   0.83038] _al_d3d_sync_bitmap (video) ref count == 1
stdio    D         file_stdio.c:105  file_stdio_fopen                 [   0.91475] opening grafiki/menu/menu1.bmp rb
image    W                bmp.c:1243 _al_load_bmp_f                   [   0.91506] Ignoring invalid alpha mask
d3d      D         d3d_disp.cpp:1188 real_choose_bitmap_format        [   0.91518] Fake format
d3d      D         d3d_disp.cpp:1188 real_choose_bitmap_format        [   0.91520] Fake format
d3d      D         d3d_disp.cpp:1188 real_choose_bitmap_format        [   0.91521] Fake format
d3d      D         d3d_disp.cpp:1188 real_choose_bitmap_format        [   0.91522] Fake format
d3d      D         d3d_disp.cpp:1188 real_choose_bitmap_format        [   0.91525] Fake format
d3d      D         d3d_disp.cpp:1188 real_choose_bitmap_format        [   0.91527] Fake format
d3d      D         d3d_disp.cpp:1188 real_choose_bitmap_format        [   0.91528] Fake format
d3d      D         d3d_disp.cpp:1188 real_choose_bitmap_format        [   0.91529] Fake format
d3d      D         d3d_disp.cpp:1188 real_choose_bitmap_format        [   0.91532] Fake format
d3d      D         d3d_disp.cpp:1196 real_choose_bitmap_format        [   0.91533] Alpha doesn't match
d3d      D         d3d_disp.cpp:1203 real_choose_bitmap_format        [   0.91535] Adapter format is 23
d3d      D         d3d_disp.cpp:1206 real_choose_bitmap_format        [   0.91541] Found a format
d3d      I         d3d_disp.cpp:2378 d3d_create_bitmap                [   0.91542] Chose bitmap format 9
dtor     D               dtor.c:196  _al_register_destructor          [   0.91652] added dtor for bitmap 07192098, func 00C2222A
d3d      D          d3d_bmp.cpp:539  _al_d3d_sync_bitmap              [   0.93062] _al_d3d_sync_bitmap (system) ref count == 1
d3d      D          d3d_bmp.cpp:545  _al_d3d_sync_bitmap              [   0.93070] _al_d3d_sync_bitmap (video) ref count == 1
stdio    D         file_stdio.c:105  file_stdio_fopen                 [   1.02924] opening grafiki/menu/menu2.bmp rb
image    W                bmp.c:1243 _al_load_bmp_f                   [   1.02963] Ignoring invalid alpha mask
d3d      D         d3d_disp.cpp:1188 real_choose_bitmap_format        [   1.02980] Fake format
d3d      D         d3d_disp.cpp:1188 real_choose_bitmap_format        [   1.02983] Fake format
d3d      D         d3d_disp.cpp:1188 real_choose_bitmap_format        [   1.02986] Fake format
d3d      D         d3d_disp.cpp:1188 real_choose_bitmap_format        [   1.02988] Fake format
d3d      D         d3d_disp.cpp:1188 real_choose_bitmap_format        [   1.02990] Fake format
d3d      D         d3d_disp.cpp:1188 real_choose_bitmap_format        [   1.02992] Fake format
d3d      D         d3d_disp.cpp:1188 real_choose_bitmap_format        [   1.02994] Fake format
d3d      D         d3d_disp.cpp:1188 real_choose_bitmap_format        [   1.02996] Fake format
d3d      D         d3d_disp.cpp:1188 real_choose_bitmap_format        [   1.03002] Fake format
d3d      D         d3d_disp.cpp:1196 real_choose_bitmap_format        [   1.03052] Alpha doesn't match
d3d      D         d3d_disp.cpp:1203 real_choose_bitmap_format        [   1.03056] Adapter format is 23
d3d      D         d3d_disp.cpp:1206 real_choose_bitmap_format        [   1.03059] Found a format
d3d      I         d3d_disp.cpp:2378 d3d_create_bitmap                [   1.03062] Chose bitmap format 9
dtor     D               dtor.c:196  _al_register_destructor          [   1.03213] added dtor for bitmap 07191F20, func 00C2222A
d3d      D          d3d_bmp.cpp:539  _al_d3d_sync_bitmap              [   1.06621] _al_d3d_sync_bitmap (system) ref count == 1
d3d      D          d3d_bmp.cpp:545  _al_d3d_sync_bitmap              [   1.06627] _al_d3d_sync_bitmap (video) ref count == 1
stdio    D         file_stdio.c:105  file_stdio_fopen                 [   1.20808] opening grafiki/menu/menu3.bmp rb
image    W                bmp.c:1243 _al_load_bmp_f                   [   1.20850] Ignoring invalid alpha mask
d3d      D         d3d_disp.cpp:1188 real_choose_bitmap_format        [   1.20866] Fake format
d3d      D         d3d_disp.cpp:1188 real_choose_bitmap_format        [   1.20869] Fake format
d3d      D         d3d_disp.cpp:1188 real_choose_bitmap_format        [   1.20872] Fake format
d3d      D         d3d_disp.cpp:1188 real_choose_bitmap_format        [   1.20874] Fake format
d3d      D         d3d_disp.cpp:1188 real_choose_bitmap_format        [   1.20876] Fake format
d3d      D         d3d_disp.cpp:1188 real_choose_bitmap_format        [   1.20879] Fake format
d3d      D         d3d_disp.cpp:1188 real_choose_bitmap_format        [   1.20881] Fake format
d3d      D         d3d_disp.cpp:1188 real_choose_bitmap_format        [   1.20883] Fake format
d3d      D         d3d_disp.cpp:1188 real_choose_bitmap_format        [   1.20885] Fake format
d3d      D         d3d_disp.cpp:1196 real_choose_bitmap_format        [   1.20888] Alpha doesn't match
d3d      D         d3d_disp.cpp:1203 real_choose_bitmap_format        [   1.20890] Adapter format is 23
d3d      D         d3d_disp.cpp:1206 real_choose_bitmap_format        [   1.20893] Found a format
d3d      I         d3d_disp.cpp:2378 d3d_create_bitmap                [   1.20895] Chose bitmap format 9
dtor     D               dtor.c:196  _al_register_destructor          [   1.21043] added dtor for bitmap 07192388, func 00C2222A
d3d      D          d3d_bmp.cpp:539  _al_d3d_sync_bitmap              [   1.22852] _al_d3d_sync_bitmap (system) ref count == 1
d3d      D          d3d_bmp.cpp:545  _al_d3d_sync_bitmap              [   1.22860] _al_d3d_sync_bitmap (video) ref count == 1
stdio    D         file_stdio.c:105  file_stdio_fopen                 [   1.36259] opening grafiki/menu/menu4.bmp rb
image    W                bmp.c:1243 _al_load_bmp_f                   [   1.36298] Ignoring invalid alpha mask
d3d      D         d3d_disp.cpp:1188 real_choose_bitmap_format        [   1.36318] Fake format
d3d      D         d3d_disp.cpp:1188 real_choose_bitmap_format        [   1.36321] Fake format
d3d      D         d3d_disp.cpp:1188 real_choose_bitmap_format        [   1.36323] Fake format
d3d      D         d3d_disp.cpp:1188 real_choose_bitmap_format        [   1.36325] Fake format
d3d      D         d3d_disp.cpp:1188 real_choose_bitmap_format        [   1.36327] Fake format
d3d      D         d3d_disp.cpp:1188 real_choose_bitmap_format        [   1.36330] Fake format
d3d      D         d3d_disp.cpp:1188 real_choose_bitmap_format        [   1.36332] Fake format
d3d      D         d3d_disp.cpp:1188 real_choose_bitmap_format        [   1.36334] Fake format
d3d      D         d3d_disp.cpp:1188 real_choose_bitmap_format        [   1.36336] Fake format
d3d      D         d3d_disp.cpp:1196 real_choose_bitmap_format        [   1.36340] Alpha doesn't match
d3d      D         d3d_disp.cpp:1203 real_choose_bitmap_format        [   1.36342] Adapter format is 23
d3d      D         d3d_disp.cpp:1206 real_choose_bitmap_format        [   1.36345] Found a format
d3d      I         d3d_disp.cpp:2378 d3d_create_bitmap                [   1.36347] Chose bitmap format 9
dtor     D               dtor.c:196  _al_register_destructor          [   1.36505] added dtor for bitmap 071927F0, func 00C2222A
d3d      D          d3d_bmp.cpp:539  _al_d3d_sync_bitmap              [   1.38594] _al_d3d_sync_bitmap (system) ref count == 1
d3d      D          d3d_bmp.cpp:545  _al_d3d_sync_bitmap              [   1.38599] _al_d3d_sync_bitmap (video) ref count == 1
stdio    D         file_stdio.c:105  file_stdio_fopen                 [   1.51333] opening cursor.bmp rb
d3d      D         d3d_disp.cpp:1188 real_choose_bitmap_format        [   1.51373] Fake format
d3d      D         d3d_disp.cpp:1188 real_choose_bitmap_format        [   1.51377] Fake format
d3d      D         d3d_disp.cpp:1188 real_choose_bitmap_format        [   1.51379] Fake format
d3d      D         d3d_disp.cpp:1188 real_choose_bitmap_format        [   1.51381] Fake format
d3d      D         d3d_disp.cpp:1188 real_choose_bitmap_format        [   1.51383] Fake format
d3d      D         d3d_disp.cpp:1188 real_choose_bitmap_format        [   1.51385] Fake format
d3d      D         d3d_disp.cpp:1188 real_choose_bitmap_format        [   1.51388] Fake format
d3d      D         d3d_disp.cpp:1188 real_choose_bitmap_format        [   1.51390] Fake format
d3d      D         d3d_disp.cpp:1188 real_choose_bitmap_format        [   1.51392] Fake format
d3d      D         d3d_disp.cpp:1196 real_choose_bitmap_format        [   1.51394] Alpha doesn't match
d3d      D         d3d_disp.cpp:1203 real_choose_bitmap_format        [   1.51397] Adapter format is 23
d3d      D         d3d_disp.cpp:1206 real_choose_bitmap_format        [   1.51400] Found a format
d3d      I         d3d_disp.cpp:2378 d3d_create_bitmap                [   1.51403] Chose bitmap format 9
dtor     D               dtor.c:196  _al_register_destructor          [   1.51419] added dtor for bitmap 07191DA8, func 00C2222A
d3d      D          d3d_bmp.cpp:539  _al_d3d_sync_bitmap              [   1.51556] _al_d3d_sync_bitmap (system) ref count == 1
d3d      D          d3d_bmp.cpp:545  _al_d3d_sync_bitmap              [   1.51562] _al_d3d_sync_bitmap (video) ref count == 1
stdio    D         file_stdio.c:105  file_stdio_fopen                 [   1.51655] opening grafiki/postacie/postacprzod.png rb
d3d      D         d3d_disp.cpp:1188 real_choose_bitmap_format        [   1.51704] Fake format
d3d      D         d3d_disp.cpp:1188 real_choose_bitmap_format        [   1.51708] Fake format
d3d      D         d3d_disp.cpp:1188 real_choose_bitmap_format        [   1.51710] Fake format
d3d      D         d3d_disp.cpp:1188 real_choose_bitmap_format        [   1.51713] Fake format
d3d      D         d3d_disp.cpp:1188 real_choose_bitmap_format        [   1.51715] Fake format
d3d      D         d3d_disp.cpp:1188 real_choose_bitmap_format        [   1.51717] Fake format
d3d      D         d3d_disp.cpp:1188 real_choose_bitmap_format        [   1.51720] Fake format
d3d      D         d3d_disp.cpp:1188 real_choose_bitmap_format        [   1.51722] Fake format
d3d      D         d3d_disp.cpp:1188 real_choose_bitmap_format        [   1.51724] Fake format
d3d      D         d3d_disp.cpp:1196 real_choose_bitmap_format        [   1.51727] Alpha doesn't match
d3d      D         d3d_disp.cpp:1203 real_choose_bitmap_format        [   1.51729] Adapter format is 23
d3d      D         d3d_disp.cpp:1206 real_choose_bitmap_format        [   1.51732] Found a format
d3d      I         d3d_disp.cpp:2378 d3d_create_bitmap                [   1.51734] Chose bitmap format 9
dtor     D               dtor.c:196  _al_register_destructor          [   1.51750] added dtor for bitmap 07191AB8, func 00C2222A
d3d      D          d3d_bmp.cpp:539  _al_d3d_sync_bitmap              [   1.51776] _al_d3d_sync_bitmap (system) ref count == 1
d3d      D          d3d_bmp.cpp:545  _al_d3d_sync_bitmap              [   1.51779] _al_d3d_sync_bitmap (video) ref count == 1
stdio    D         file_stdio.c:105  file_stdio_fopen                 [   1.51823] opening grafiki/postacie/postacprawo.png rb
d3d      D         d3d_disp.cpp:1188 real_choose_bitmap_format        [   1.51865] Fake format
d3d      D         d3d_disp.cpp:1188 real_choose_bitmap_format        [   1.51868] Fake format
d3d      D         d3d_disp.cpp:1188 real_choose_bitmap_format        [   1.51870] Fake format
d3d      D         d3d_disp.cpp:1188 real_choose_bitmap_format        [   1.51872] Fake format
d3d      D         d3d_disp.cpp:1188 real_choose_bitmap_format        [   1.51874] Fake format
d3d      D         d3d_disp.cpp:1188 real_choose_bitmap_format        [   1.51876] Fake format
d3d      D         d3d_disp.cpp:1188 real_choose_bitmap_format        [   1.51879] Fake format
d3d      D         d3d_disp.cpp:1188 real_choose_bitmap_format        [   1.51881] Fake format
d3d      D         d3d_disp.cpp:1188 real_choose_bitmap_format        [   1.51883] Fake format
d3d      D         d3d_disp.cpp:1196 real_choose_bitmap_format        [   1.51885] Alpha doesn't match
d3d      D         d3d_disp.cpp:1203 real_choose_bitmap_format        [   1.51887] Adapter format is 23
d3d      D         d3d_disp.cpp:1206 real_choose_bitmap_format        [   1.51889] Found a format
d3d      I         d3d_disp.cpp:2378 d3d_create_bitmap                [   1.51891] Chose bitmap format 9
dtor     D               dtor.c:196  _al_register_destructor          [   1.51905] added dtor for bitmap 07192500, func 00C2222A
d3d      D          d3d_bmp.cpp:539  _al_d3d_sync_bitmap              [   1.51931] _al_d3d_sync_bitmap (system) ref count == 1
d3d      D          d3d_bmp.cpp:545  _al_d3d_sync_bitmap              [   1.51935] _al_d3d_sync_bitmap (video) ref count == 1
stdio    D         file_stdio.c:105  file_stdio_fopen                 [   1.51980] opening grafiki/postacie/postactyl.png rb
d3d      D         d3d_disp.cpp:1188 real_choose_bitmap_format        [   1.52021] Fake format
d3d      D         d3d_disp.cpp:1188 real_choose_bitmap_format        [   1.52024] Fake format
d3d      D         d3d_disp.cpp:1188 real_choose_bitmap_format        [   1.52026] Fake format
d3d      D         d3d_disp.cpp:1188 real_choose_bitmap_format        [   1.52028] Fake format
d3d      D         d3d_disp.cpp:1188 real_choose_bitmap_format        [   1.52031] Fake format
d3d      D         d3d_disp.cpp:1188 real_choose_bitmap_format        [   1.52033] Fake format
d3d      D         d3d_disp.cpp:1188 real_choose_bitmap_format        [   1.52036] Fake format
d3d      D         d3d_disp.cpp:1188 real_choose_bitmap_format        [   1.52038] Fake format
d3d      D         d3d_disp.cpp:1188 real_choose_bitmap_format        [   1.52040] Fake format
d3d      D         d3d_disp.cpp:1196 real_choose_bitmap_format        [   1.52042] Alpha doesn't match
d3d      D         d3d_disp.cpp:1203 real_choose_bitmap_format        [   1.52045] Adapter format is 23
d3d      D         d3d_disp.cpp:1206 real_choose_bitmap_format        [   1.52048] Found a format
d3d      I         d3d_disp.cpp:2378 d3d_create_bitmap                [   1.52050] Chose bitmap format 9
dtor     D               dtor.c:196  _al_register_destructor          [   1.52063] added dtor for bitmap 07191C30, func 00C2222A
d3d      D          d3d_bmp.cpp:539  _al_d3d_sync_bitmap              [   1.52091] _al_d3d_sync_bitmap (system) ref count == 1
d3d      D          d3d_bmp.cpp:545  _al_d3d_sync_bitmap              [   1.52094] _al_d3d_sync_bitmap (video) ref count == 1
stdio    D         file_stdio.c:105  file_stdio_fopen                 [   1.52140] opening grafiki/postacie/postaclewo.png rb
d3d      D         d3d_disp.cpp:1188 real_choose_bitmap_format        [   1.52185] Fake format
d3d      D         d3d_disp.cpp:1188 real_choose_bitmap_format        [   1.52189] Fake format
d3d      D         d3d_disp.cpp:1188 real_choose_bitmap_format        [   1.52191] Fake format
d3d      D         d3d_disp.cpp:1188 real_choose_bitmap_format        [   1.52193] Fake format
d3d      D         d3d_disp.cpp:1188 real_choose_bitmap_format        [   1.52196] Fake format
d3d      D         d3d_disp.cpp:1188 real_choose_bitmap_format        [   1.52198] Fake format
d3d      D         d3d_disp.cpp:1188 real_choose_bitmap_format        [   1.52200] Fake format
d3d      D         d3d_disp.cpp:1188 real_choose_bitmap_format        [   1.52202] Fake format
d3d      D         d3d_disp.cpp:1188 real_choose_bitmap_format        [   1.52205] Fake format
d3d      D         d3d_disp.cpp:1196 real_choose_bitmap_format        [   1.52207] Alpha doesn't match
d3d      D         d3d_disp.cpp:1203 real_choose_bitmap_format        [   1.52209] Adapter format is 23
d3d      D         d3d_disp.cpp:1206 real_choose_bitmap_format        [   1.52212] Found a format
d3d      I         d3d_disp.cpp:2378 d3d_create_bitmap                [   1.52215] Chose bitmap format 9
dtor     D               dtor.c:196  _al_register_destructor          [   1.52231] added dtor for bitmap 07192678, func 00C2222A
d3d      D          d3d_bmp.cpp:539  _al_d3d_sync_bitmap              [   1.52262] _al_d3d_sync_bitmap (system) ref count == 1
d3d      D          d3d_bmp.cpp:545  _al_d3d_sync_bitmap              [   1.52265] _al_d3d_sync_bitmap (video) ref count == 1
stdio    D         file_stdio.c:105  file_stdio_fopen                 [   1.52316] opening grafika\bloczki\mur.pcx rb
d3d      D         d3d_disp.cpp:1188 real_choose_bitmap_format        [   1.52363] Fake format
d3d      D         d3d_disp.cpp:1188 real_choose_bitmap_format        [   1.52366] Fake format
d3d      D         d3d_disp.cpp:1188 real_choose_bitmap_format        [   1.52368] Fake format
d3d      D         d3d_disp.cpp:1188 real_choose_bitmap_format        [   1.52371] Fake format
d3d      D         d3d_disp.cpp:1188 real_choose_bitmap_format        [   1.52373] Fake format
d3d      D         d3d_disp.cpp:1188 real_choose_bitmap_format        [   1.52375] Fake format
d3d      D         d3d_disp.cpp:1188 real_choose_bitmap_format        [   1.52377] Fake format
d3d      D         d3d_disp.cpp:1188 real_choose_bitmap_format        [   1.52379] Fake format
d3d      D         d3d_disp.cpp:1188 real_choose_bitmap_format        [   1.52381] Fake format
d3d      D         d3d_disp.cpp:1196 real_choose_bitmap_format        [   1.52383] Alpha doesn't match
d3d      D         d3d_disp.cpp:1203 real_choose_bitmap_format        [   1.52386] Adapter format is 23
d3d      D         d3d_disp.cpp:1206 real_choose_bitmap_format        [   1.52388] Found a format
d3d      I         d3d_disp.cpp:2378 d3d_create_bitmap                [   1.52391] Chose bitmap format 9
dtor     D               dtor.c:196  _al_register_destructor          [   1.52410] added dtor for bitmap 071A4498, func 00C2222A
stdio    D         file_stdio.c:105  file_stdio_fopen                 [   1.52437] opening grafiki/menu/opcje.bmp rb
image    W                bmp.c:1243 _al_load_bmp_f                   [   1.52477] Ignoring invalid alpha mask
d3d      D         d3d_disp.cpp:1188 real_choose_bitmap_format        [   1.52494] Fake format
d3d      D         d3d_disp.cpp:1188 real_choose_bitmap_format        [   1.52497] Fake format
d3d      D         d3d_disp.cpp:1188 real_choose_bitmap_format        [   1.52500] Fake format
d3d      D         d3d_disp.cpp:1188 real_choose_bitmap_format        [   1.52502] Fake format
d3d      D         d3d_disp.cpp:1188 real_choose_bitmap_format        [   1.52505] Fake format
d3d      D         d3d_disp.cpp:1188 real_choose_bitmap_format        [   1.52507] Fake format
d3d      D         d3d_disp.cpp:1188 real_choose_bitmap_format        [   1.52509] Fake format
d3d      D         d3d_disp.cpp:1188 real_choose_bitmap_format        [   1.52512] Fake format
d3d      D         d3d_disp.cpp:1188 real_choose_bitmap_format        [   1.52514] Fake format
d3d      D         d3d_disp.cpp:1196 real_choose_bitmap_format        [   1.52516] Alpha doesn't match
d3d      D         d3d_disp.cpp:1203 real_choose_bitmap_format        [   1.52519] Adapter format is 23
d3d      D         d3d_disp.cpp:1206 real_choose_bitmap_format        [   1.52521] Found a format
d3d      I         d3d_disp.cpp:2378 d3d_create_bitmap                [   1.52524] Chose bitmap format 9
dtor     D               dtor.c:196  _al_register_destructor          [   1.52676] added dtor for bitmap 071A4610, func 00C2222A
d3d      D          d3d_bmp.cpp:539  _al_d3d_sync_bitmap              [   1.54241] _al_d3d_sync_bitmap (system) ref count == 1
d3d      D          d3d_bmp.cpp:545  _al_d3d_sync_bitmap              [   1.54248] _al_d3d_sync_bitmap (video) ref count == 1
stdio    D         file_stdio.c:105  file_stdio_fopen                 [   1.66654] opening grafiki/menu/opcje2.bmp rb
image    W                bmp.c:1243 _al_load_bmp_f                   [   1.66689] Ignoring invalid alpha mask
d3d      D         d3d_disp.cpp:1188 real_choose_bitmap_format        [   1.66699] Fake format
d3d      D         d3d_disp.cpp:1188 real_choose_bitmap_format        [   1.66701] Fake format
d3d      D         d3d_disp.cpp:1188 real_choose_bitmap_format        [   1.66702] Fake format
d3d      D         d3d_disp.cpp:1188 real_choose_bitmap_format        [   1.66704] Fake format
d3d      D         d3d_disp.cpp:1188 real_choose_bitmap_format        [   1.66705] Fake format
d3d      D         d3d_disp.cpp:1188 real_choose_bitmap_format        [   1.66706] Fake format
d3d      D         d3d_disp.cpp:1188 real_choose_bitmap_format        [   1.66709] Fake format
d3d      D         d3d_disp.cpp:1188 real_choose_bitmap_format        [   1.66711] Fake format
d3d      D         d3d_disp.cpp:1188 real_choose_bitmap_format        [   1.66713] Fake format
d3d      D         d3d_disp.cpp:1196 real_choose_bitmap_format        [   1.66716] Alpha doesn't match
d3d      D         d3d_disp.cpp:1203 real_choose_bitmap_format        [   1.66718] Adapter format is 23
d3d      D         d3d_disp.cpp:1206 real_choose_bitmap_format        [   1.66721] Found a format
d3d      I         d3d_disp.cpp:2378 d3d_create_bitmap                [   1.66723] Chose bitmap format 9
dtor     D               dtor.c:196  _al_register_destructor          [   1.66876] added dtor for bitmap 071A4BF0, func 00C2222A
d3d      D          d3d_bmp.cpp:539  _al_d3d_sync_bitmap              [   1.68543] _al_d3d_sync_bitmap (system) ref count == 1
d3d      D          d3d_bmp.cpp:545  _al_d3d_sync_bitmap              [   1.68548] _al_d3d_sync_bitmap (video) ref count == 1
stdio    D         file_stdio.c:105  file_stdio_fopen                 [   1.81677] opening grafiki/menu/opcje3.bmp rb
image    W                bmp.c:1243 _al_load_bmp_f                   [   1.81728] Ignoring invalid alpha mask
d3d      D         d3d_disp.cpp:1188 real_choose_bitmap_format        [   1.81745] Fake format
d3d      D         d3d_disp.cpp:1188 real_choose_bitmap_format        [   1.81748] Fake format
d3d      D         d3d_disp.cpp:1188 real_choose_bitmap_format        [   1.81750] Fake format
d3d      D         d3d_disp.cpp:1188 real_choose_bitmap_format        [   1.81752] Fake format
d3d      D         d3d_disp.cpp:1188 real_choose_bitmap_format        [   1.81754] Fake format
d3d      D         d3d_disp.cpp:1188 real_choose_bitmap_format        [   1.81757] Fake format
d3d      D         d3d_disp.cpp:1188 real_choose_bitmap_format        [   1.81759] Fake format
d3d      D         d3d_disp.cpp:1188 real_choose_bitmap_format        [   1.81762] Fake format
d3d      D         d3d_disp.cpp:1188 real_choose_bitmap_format        [   1.81764] Fake format
d3d      D         d3d_disp.cpp:1196 real_choose_bitmap_format        [   1.81766] Alpha doesn't match
d3d      D         d3d_disp.cpp:1203 real_choose_bitmap_format        [   1.81769] Adapter format is 23
d3d      D         d3d_disp.cpp:1206 real_choose_bitmap_format        [   1.81772] Found a format
d3d      I         d3d_disp.cpp:2378 d3d_create_bitmap                [   1.81774] Chose bitmap format 9
dtor     D               dtor.c:196  _al_register_destructor          [   1.81929] added dtor for bitmap 071A4320, func 00C2222A
d3d      D          d3d_bmp.cpp:539  _al_d3d_sync_bitmap              [   1.83620] _al_d3d_sync_bitmap (system) ref count == 1
d3d      D          d3d_bmp.cpp:545  _al_d3d_sync_bitmap              [   1.83625] _al_d3d_sync_bitmap (video) ref count == 1
stdio    D         file_stdio.c:105  file_stdio_fopen                 [   1.95729] opening grafiki/menu/instrukcja.bmp rb
image    W                bmp.c:1243 _al_load_bmp_f                   [   1.95763] Ignoring invalid alpha mask
d3d      D         d3d_disp.cpp:1188 real_choose_bitmap_format        [   1.95773] Fake format
d3d      D         d3d_disp.cpp:1188 real_choose_bitmap_format        [   1.95775] Fake format
d3d      D         d3d_disp.cpp:1188 real_choose_bitmap_format        [   1.95776] Fake format
d3d      D         d3d_disp.cpp:1188 real_choose_bitmap_format        [   1.95778] Fake format
d3d      D         d3d_disp.cpp:1188 real_choose_bitmap_format        [   1.95779] Fake format
d3d      D         d3d_disp.cpp:1188 real_choose_bitmap_format        [   1.95781] Fake format
d3d      D         d3d_disp.cpp:1188 real_choose_bitmap_format        [   1.95782] Fake format
d3d      D         d3d_disp.cpp:1188 real_choose_bitmap_format        [   1.95784] Fake format
d3d      D         d3d_disp.cpp:1188 real_choose_bitmap_format        [   1.95785] Fake format
d3d      D         d3d_disp.cpp:1196 real_choose_bitmap_format        [   1.95787] Alpha doesn't match
d3d      D         d3d_disp.cpp:1203 real_choose_bitmap_format        [   1.95788] Adapter format is 23
d3d      D         d3d_disp.cpp:1206 real_choose_bitmap_format        [   1.95790] Found a format
d3d      I         d3d_disp.cpp:2378 d3d_create_bitmap                [   1.95791] Chose bitmap format 9
dtor     D               dtor.c:196  _al_register_destructor          [   1.95897] added dtor for bitmap 071A3A50, func 00C2222A
d3d      D          d3d_bmp.cpp:539  _al_d3d_sync_bitmap              [   1.97523] _al_d3d_sync_bitmap (system) ref count == 1
d3d      D          d3d_bmp.cpp:545  _al_d3d_sync_bitmap              [   1.97528] _al_d3d_sync_bitmap (video) ref count == 1
stdio    D         file_stdio.c:105  file_stdio_fopen                 [   2.06695] opening grafiki/menu/info1.bmp rb
image    W                bmp.c:1243 _al_load_bmp_f                   [   2.06728] Ignoring invalid alpha mask
d3d      D         d3d_disp.cpp:1188 real_choose_bitmap_format        [   2.06739] Fake format
d3d      D         d3d_disp.cpp:1188 real_choose_bitmap_format        [   2.06741] Fake format
d3d      D         d3d_disp.cpp:1188 real_choose_bitmap_format        [   2.06742] Fake format
d3d      D         d3d_disp.cpp:1188 real_choose_bitmap_format        [   2.06744] Fake format
d3d      D         d3d_disp.cpp:1188 real_choose_bitmap_format        [   2.06745] Fake format
d3d      D         d3d_disp.cpp:1188 real_choose_bitmap_format        [   2.06746] Fake format
d3d      D         d3d_disp.cpp:1188 real_choose_bitmap_format        [   2.06747] Fake format
d3d      D         d3d_disp.cpp:1188 real_choose_bitmap_format        [   2.06749] Fake format
d3d      D         d3d_disp.cpp:1188 real_choose_bitmap_format        [   2.06750] Fake format
d3d      D         d3d_disp.cpp:1196 real_choose_bitmap_format        [   2.06751] Alpha doesn't match
d3d      D         d3d_disp.cpp:1203 real_choose_bitmap_format        [   2.06753] Adapter format is 23
d3d      D         d3d_disp.cpp:1206 real_choose_bitmap_format        [   2.06754] Found a format
d3d      I         d3d_disp.cpp:2378 d3d_create_bitmap                [   2.06756] Chose bitmap format 9
dtor     D               dtor.c:196  _al_register_destructor          [   2.06869] added dtor for bitmap 071A3BC8, func 00C2222A
d3d      D          d3d_bmp.cpp:539  _al_d3d_sync_bitmap              [   2.08128] _al_d3d_sync_bitmap (system) ref count == 1
d3d      D          d3d_bmp.cpp:545  _al_d3d_sync_bitmap              [   2.08131] _al_d3d_sync_bitmap (video) ref count == 1
stdio    D         file_stdio.c:105  file_stdio_fopen                 [   2.17057] opening grafiki/menu/info2.bmp rb
image    W                bmp.c:1243 _al_load_bmp_f                   [   2.17086] Ignoring invalid alpha mask
d3d      D         d3d_disp.cpp:1188 real_choose_bitmap_format        [   2.17098] Fake format
d3d      D         d3d_disp.cpp:1188 real_choose_bitmap_format        [   2.17099] Fake format
d3d      D         d3d_disp.cpp:1188 real_choose_bitmap_format        [   2.17101] Fake format
d3d      D         d3d_disp.cpp:1188 real_choose_bitmap_format        [   2.17102] Fake format
d3d      D         d3d_disp.cpp:1188 real_choose_bitmap_format        [   2.17103] Fake format
d3d      D         d3d_disp.cpp:1188 real_choose_bitmap_format        [   2.17105] Fake format
d3d      D         d3d_disp.cpp:1188 real_choose_bitmap_format        [   2.17106] Fake format
d3d      D         d3d_disp.cpp:1188 real_choose_bitmap_format        [   2.17108] Fake format
d3d      D         d3d_disp.cpp:1188 real_choose_bitmap_format        [   2.17109] Fake format
d3d      D         d3d_disp.cpp:1196 real_choose_bitmap_format        [   2.17112] Alpha doesn't match
d3d      D         d3d_disp.cpp:1203 real_choose_bitmap_format        [   2.17113] Adapter format is 23
d3d      D         d3d_disp.cpp:1206 real_choose_bitmap_format        [   2.17115] Found a format
d3d      I         d3d_disp.cpp:2378 d3d_create_bitmap                [   2.17117] Chose bitmap format 9
dtor     D               dtor.c:196  _al_register_destructor          [   2.17231] added dtor for bitmap 071A3D40, func 00C2222A
d3d      D          d3d_bmp.cpp:539  _al_d3d_sync_bitmap              [   2.18702] _al_d3d_sync_bitmap (system) ref count == 1
d3d      D          d3d_bmp.cpp:545  _al_d3d_sync_bitmap              [   2.18707] _al_d3d_sync_bitmap (video) ref count == 1
stdio    D         file_stdio.c:105  file_stdio_fopen                 [   2.27456] opening grafiki/menu/ranking.bmp rb
image    W                bmp.c:1243 _al_load_bmp_f                   [   2.27486] Ignoring invalid alpha mask
d3d      D         d3d_disp.cpp:1188 real_choose_bitmap_format        [   2.27497] Fake format
d3d      D         d3d_disp.cpp:1188 real_choose_bitmap_format        [   2.27500] Fake format
d3d      D         d3d_disp.cpp:1188 real_choose_bitmap_format        [   2.27502] Fake format
d3d      D         d3d_disp.cpp:1188 real_choose_bitmap_format        [   2.27503] Fake format
d3d      D         d3d_disp.cpp:1188 real_choose_bitmap_format        [   2.27505] Fake format
d3d      D         d3d_disp.cpp:1188 real_choose_bitmap_format        [   2.27508] Fake format
d3d      D         d3d_disp.cpp:1188 real_choose_bitmap_format        [   2.27509] Fake format
d3d      D         d3d_disp.cpp:1188 real_choose_bitmap_format        [   2.27511] Fake format
d3d      D         d3d_disp.cpp:1188 real_choose_bitmap_format        [   2.27512] Fake format
d3d      D         d3d_disp.cpp:1196 real_choose_bitmap_format        [   2.27514] Alpha doesn't match
d3d      D         d3d_disp.cpp:1203 real_choose_bitmap_format        [   2.27515] Adapter format is 23
d3d      D         d3d_disp.cpp:1206 real_choose_bitmap_format        [   2.27517] Found a format
d3d      I         d3d_disp.cpp:2378 d3d_create_bitmap                [   2.27518] Chose bitmap format 9
dtor     D               dtor.c:196  _al_register_destructor          [   2.27631] added dtor for bitmap 071A3EB8, func 00C2222A
d3d      D          d3d_bmp.cpp:539  _al_d3d_sync_bitmap              [   2.29108] _al_d3d_sync_bitmap (system) ref count == 1
d3d      D          d3d_bmp.cpp:545  _al_d3d_sync_bitmap              [   2.29112] _al_d3d_sync_bitmap (video) ref count == 1
d3d      D          d3d_bmp.cpp:539  _al_d3d_sync_bitmap              [   2.38018] _al_d3d_sync_bitmap (system) ref count == 1
d3d      D          d3d_bmp.cpp:545  _al_d3d_sync_bitmap              [   2.38036] _al_d3d_sync_bitmap (video) ref count == 1
d3d      D          d3d_bmp.cpp:539  _al_d3d_sync_bitmap              [   2.38413] _al_d3d_sync_bitmap (system) ref count == 1
d3d      D          d3d_bmp.cpp:545  _al_d3d_sync_bitmap              [   2.38419] _al_d3d_sync_bitmap (video) ref count == 1
d3d      D          d3d_bmp.cpp:539  _al_d3d_sync_bitmap              [   2.38737] _al_d3d_sync_bitmap (system) ref count == 1
d3d      D          d3d_bmp.cpp:545  _al_d3d_sync_bitmap              [   2.38743] _al_d3d_sync_bitmap (video) ref count == 1
d3d      D          d3d_bmp.cpp:539  _al_d3d_sync_bitmap              [   2.39076] _al_d3d_sync_bitmap (system) ref count == 1
d3d      D          d3d_bmp.cpp:545  _al_d3d_sync_bitmap              [   2.39081] _al_d3d_sync_bitmap (video) ref count == 1
d3d      D          d3d_bmp.cpp:539  _al_d3d_sync_bitmap              [   2.39447] _al_d3d_sync_bitmap (system) ref count == 1
d3d      D          d3d_bmp.cpp:545  _al_d3d_sync_bitmap              [   2.39452] _al_d3d_sync_bitmap (video) ref count == 1
d3d      D          d3d_bmp.cpp:539  _al_d3d_sync_bitmap              [   2.39934] _al_d3d_sync_bitmap (system) ref count == 1
d3d      D          d3d_bmp.cpp:545  _al_d3d_sync_bitmap              [   2.39943] _al_d3d_sync_bitmap (video) ref count == 1
d3d      D          d3d_bmp.cpp:539  _al_d3d_sync_bitmap              [   2.39981] _al_d3d_sync_bitmap (system) ref count == 1
d3d      D          d3d_bmp.cpp:545  _al_d3d_sync_bitmap              [   2.39984] _al_d3d_sync_bitmap (video) ref count == 1
d3d      D          d3d_bmp.cpp:539  _al_d3d_sync_bitmap              [   2.40012] _al_d3d_sync_bitmap (system) ref count == 1
d3d      D          d3d_bmp.cpp:545  _al_d3d_sync_bitmap              [   2.40016] _al_d3d_sync_bitmap (video) ref count == 1
d3d      D          d3d_bmp.cpp:539  _al_d3d_sync_bitmap              [   2.40042] _al_d3d_sync_bitmap (system) ref count == 1
d3d      D          d3d_bmp.cpp:545  _al_d3d_sync_bitmap              [   2.40046] _al_d3d_sync_bitmap (video) ref count == 1
d3d      D          d3d_bmp.cpp:539  _al_d3d_sync_bitmap              [   2.40076] _al_d3d_sync_bitmap (system) ref count == 1
d3d      D          d3d_bmp.cpp:545  _al_d3d_sync_bitmap              [   2.40080] _al_d3d_sync_bitmap (video) ref count == 1
d3d      D          d3d_bmp.cpp:539  _al_d3d_sync_bitmap              [   2.40104] _al_d3d_sync_bitmap (system) ref count == 1
d3d      D          d3d_bmp.cpp:545  _al_d3d_sync_bitmap              [   2.40107] _al_d3d_sync_bitmap (video) ref count == 1
d3d      D          d3d_bmp.cpp:539  _al_d3d_sync_bitmap              [   2.40135] _al_d3d_sync_bitmap (system) ref count == 1
d3d      D          d3d_bmp.cpp:545  _al_d3d_sync_bitmap              [   2.40139] _al_d3d_sync_bitmap (video) ref count == 1
d3d      D          d3d_bmp.cpp:539  _al_d3d_sync_bitmap              [   2.40564] _al_d3d_sync_bitmap (system) ref count == 1
d3d      D          d3d_bmp.cpp:545  _al_d3d_sync_bitmap              [   2.40569] _al_d3d_sync_bitmap (video) ref count == 1
d3d      D          d3d_bmp.cpp:539  _al_d3d_sync_bitmap              [   2.41072] _al_d3d_sync_bitmap (system) ref count == 1
d3d      D          d3d_bmp.cpp:545  _al_d3d_sync_bitmap              [   2.41079] _al_d3d_sync_bitmap (video) ref count == 1
d3d      D          d3d_bmp.cpp:539  _al_d3d_sync_bitmap              [   2.41558] _al_d3d_sync_bitmap (system) ref count == 1
d3d      D          d3d_bmp.cpp:545  _al_d3d_sync_bitmap              [   2.41567] _al_d3d_sync_bitmap (video) ref count == 1
d3d      D          d3d_bmp.cpp:539  _al_d3d_sync_bitmap              [   2.42194] _al_d3d_sync_bitmap (system) ref count == 1
d3d      D          d3d_bmp.cpp:545  _al_d3d_sync_bitmap              [   2.42203] _al_d3d_sync_bitmap (video) ref count == 1
d3d      D          d3d_bmp.cpp:539  _al_d3d_sync_bitmap              [   2.42684] _al_d3d_sync_bitmap (system) ref count == 1
d3d      D          d3d_bmp.cpp:545  _al_d3d_sync_bitmap              [   2.42692] _al_d3d_sync_bitmap (video) ref count == 1
d3d      D          d3d_bmp.cpp:539  _al_d3d_sync_bitmap              [   2.43365] _al_d3d_sync_bitmap (system) ref count == 1
d3d      D          d3d_bmp.cpp:545  _al_d3d_sync_bitmap              [   2.43371] _al_d3d_sync_bitmap (video) ref count == 1
dtor     D               dtor.c:227  _al_unregister_destructor        [   7.06551] removed dtor for bitmap 07192210
d3d      I         d3d_disp.cpp:901  d3d_destroy_display              [   7.06796] destroying display 007B9668 (current 00000000)
bitmap   D        bitmap_type.c:308  _al_convert_to_memory_bitmap     [   7.06983] converting display bitmap 071A3EB8 to memory bitmap
dtor     D               dtor.c:196  _al_register_destructor          [   7.07210] added dtor for bitmap 071A4788, func 00C2222A
d3d      D          d3d_bmp.cpp:539  _al_d3d_sync_bitmap              [   7.07219] _al_d3d_sync_bitmap (system) ref count == 1
d3d      D          d3d_bmp.cpp:545  _al_d3d_sync_bitmap              [   7.07224] _al_d3d_sync_bitmap (video) ref count == 1
dtor     D               dtor.c:227  _al_unregister_destructor        [   7.07681] removed dtor for bitmap 071A4788
bitmap   D        bitmap_type.c:308  _al_convert_to_memory_bitmap     [   7.07896] converting display bitmap 071A3D40 to memory bitmap
dtor     D               dtor.c:196  _al_register_destructor          [   7.08237] added dtor for bitmap 071A51D0, func 00C2222A
d3d      D          d3d_bmp.cpp:539  _al_d3d_sync_bitmap              [   7.08247] _al_d3d_sync_bitmap (system) ref count == 1
d3d      D          d3d_bmp.cpp:545  _al_d3d_sync_bitmap              [   7.08253] _al_d3d_sync_bitmap (video) ref count == 1
dtor     D               dtor.c:227  _al_unregister_destructor        [   7.08706] removed dtor for bitmap 071A51D0
bitmap   D        bitmap_type.c:308  _al_convert_to_memory_bitmap     [   7.08934] converting display bitmap 071A3BC8 to memory bitmap
dtor     D               dtor.c:196  _al_register_destructor          [   7.09247] added dtor for bitmap 071A4030, func 00C2222A
d3d      D          d3d_bmp.cpp:539  _al_d3d_sync_bitmap              [   7.09263] _al_d3d_sync_bitmap (system) ref count == 1
d3d      D          d3d_bmp.cpp:545  _al_d3d_sync_bitmap              [   7.09269] _al_d3d_sync_bitmap (video) ref count == 1
dtor     D               dtor.c:227  _al_unregister_destructor        [   7.10019] removed dtor for bitmap 071A4030
bitmap   D        bitmap_type.c:308  _al_convert_to_memory_bitmap     [   7.10185] converting display bitmap 071A3A50 to memory bitmap
dtor     D               dtor.c:196  _al_register_destructor          [   7.10530] added dtor for bitmap 071A5348, func 00C2222A
d3d      D          d3d_bmp.cpp:539  _al_d3d_sync_bitmap              [   7.10542] _al_d3d_sync_bitmap (system) ref count == 1
d3d      D          d3d_bmp.cpp:545  _al_d3d_sync_bitmap              [   7.10547] _al_d3d_sync_bitmap (video) ref count == 1
dtor     D               dtor.c:227  _al_unregister_destructor        [   7.11090] removed dtor for bitmap 071A5348
bitmap   D        bitmap_type.c:308  _al_convert_to_memory_bitmap     [   7.11312] converting display bitmap 071A4320 to memory bitmap
dtor     D               dtor.c:196  _al_register_destructor          [   7.11629] added dtor for bitmap 071A5638, func 00C2222A
d3d      D          d3d_bmp.cpp:539  _al_d3d_sync_bitmap              [   7.11641] _al_d3d_sync_bitmap (system) ref count == 1
d3d      D          d3d_bmp.cpp:545  _al_d3d_sync_bitmap              [   7.11646] _al_d3d_sync_bitmap (video) ref count == 1
dtor     D               dtor.c:227  _al_unregister_destructor        [   7.12177] removed dtor for bitmap 071A5638
bitmap   D        bitmap_type.c:308  _al_convert_to_memory_bitmap     [   7.12383] converting display bitmap 071A4BF0 to memory bitmap
dtor     D               dtor.c:196  _al_register_destructor          [   7.12713] added dtor for bitmap 071A4030, func 00C2222A
d3d      D          d3d_bmp.cpp:539  _al_d3d_sync_bitmap              [   7.12725] _al_d3d_sync_bitmap (system) ref count == 1
d3d      D          d3d_bmp.cpp:545  _al_d3d_sync_bitmap              [   7.12732] _al_d3d_sync_bitmap (video) ref count == 1
dtor     D               dtor.c:227  _al_unregister_destructor        [   7.13461] removed dtor for bitmap 071A4030
bitmap   D        bitmap_type.c:308  _al_convert_to_memory_bitmap     [   7.13653] converting display bitmap 071A4610 to memory bitmap
dtor     D               dtor.c:196  _al_register_destructor          [   7.14030] added dtor for bitmap 071A4788, func 00C2222A
d3d      D          d3d_bmp.cpp:539  _al_d3d_sync_bitmap              [   7.14046] _al_d3d_sync_bitmap (system) ref count == 1
d3d      D          d3d_bmp.cpp:545  _al_d3d_sync_bitmap              [   7.14055] _al_d3d_sync_bitmap (video) ref count == 1
dtor     D               dtor.c:227  _al_unregister_destructor        [   7.14591] removed dtor for bitmap 071A4788
bitmap   D        bitmap_type.c:308  _al_convert_to_memory_bitmap     [   7.14712] converting display bitmap 071A4498 to memory bitmap
dtor     D               dtor.c:196  _al_register_destructor          [   7.14719] added dtor for bitmap 071A5638, func 00C2222A
d3d      D          d3d_bmp.cpp:539  _al_d3d_sync_bitmap              [   7.14723] _al_d3d_sync_bitmap (system) ref count == 1
d3d      D          d3d_bmp.cpp:545  _al_d3d_sync_bitmap              [   7.14725] _al_d3d_sync_bitmap (video) ref count == 1
dtor     D               dtor.c:227  _al_unregister_destructor        [   7.14763] removed dtor for bitmap 071A5638
bitmap   D        bitmap_type.c:308  _al_convert_to_memory_bitmap     [   7.14771] converting display bitmap 07192678 to memory bitmap
dtor     D               dtor.c:196  _al_register_destructor          [   7.14775] added dtor for bitmap 071A5058, func 00C2222A
d3d      D          d3d_bmp.cpp:539  _al_d3d_sync_bitmap              [   7.14777] _al_d3d_sync_bitmap (system) ref count == 1
d3d      D          d3d_bmp.cpp:545  _al_d3d_sync_bitmap              [   7.14779] _al_d3d_sync_bitmap (video) ref count == 1
dtor     D               dtor.c:227  _al_unregister_destructor        [   7.14805] removed dtor for bitmap 071A5058
bitmap   D        bitmap_type.c:308  _al_convert_to_memory_bitmap     [   7.14813] converting display bitmap 07191C30 to memory bitmap
dtor     D               dtor.c:196  _al_register_destructor          [   7.14815] added dtor for bitmap 071A4030, func 00C2222A
d3d      D          d3d_bmp.cpp:539  _al_d3d_sync_bitmap              [   7.14818] _al_d3d_sync_bitmap (system) ref count == 1
d3d      D          d3d_bmp.cpp:545  _al_d3d_sync_bitmap              [   7.14822] _al_d3d_sync_bitmap (video) ref count == 1
dtor     D               dtor.c:227  _al_unregister_destructor        [   7.14846] removed dtor for bitmap 071A4030
bitmap   D        bitmap_type.c:308  _al_convert_to_memory_bitmap     [   7.14852] converting display bitmap 07192500 to memory bitmap
dtor     D               dtor.c:196  _al_register_destructor          [   7.14855] added dtor for bitmap 071A4788, func 00C2222A
d3d      D          d3d_bmp.cpp:539  _al_d3d_sync_bitmap              [   7.14857] _al_d3d_sync_bitmap (system) ref count == 1
d3d      D          d3d_bmp.cpp:545  _al_d3d_sync_bitmap              [   7.14859] _al_d3d_sync_bitmap (video) ref count == 1
dtor     D               dtor.c:227  _al_unregister_destructor        [   7.14882] removed dtor for bitmap 071A4788
bitmap   D        bitmap_type.c:308  _al_convert_to_memory_bitmap     [   7.14888] converting display bitmap 07191AB8 to memory bitmap
dtor     D               dtor.c:196  _al_register_destructor          [   7.14891] added dtor for bitmap 071A41A8, func 00C2222A
d3d      D          d3d_bmp.cpp:539  _al_d3d_sync_bitmap              [   7.14894] _al_d3d_sync_bitmap (system) ref count == 1
d3d      D          d3d_bmp.cpp:545  _al_d3d_sync_bitmap              [   7.14896] _al_d3d_sync_bitmap (video) ref count == 1
dtor     D               dtor.c:227  _al_unregister_destructor        [   7.14916] removed dtor for bitmap 071A41A8
bitmap   D        bitmap_type.c:308  _al_convert_to_memory_bitmap     [   7.14921] converting display bitmap 07191DA8 to memory bitmap
dtor     D               dtor.c:196  _al_register_destructor          [   7.14924] added dtor for bitmap 071A5348, func 00C2222A
d3d      D          d3d_bmp.cpp:539  _al_d3d_sync_bitmap              [   7.14926] _al_d3d_sync_bitmap (system) ref count == 1
d3d      D          d3d_bmp.cpp:545  _al_d3d_sync_bitmap              [   7.14928] _al_d3d_sync_bitmap (video) ref count == 1
dtor     D               dtor.c:227  _al_unregister_destructor        [   7.14948] removed dtor for bitmap 071A5348
bitmap   D        bitmap_type.c:308  _al_convert_to_memory_bitmap     [   7.14953] converting display bitmap 071927F0 to memory bitmap
dtor     D               dtor.c:196  _al_register_destructor          [   7.15056] added dtor for bitmap 071A4788, func 00C2222A
d3d      D          d3d_bmp.cpp:539  _al_d3d_sync_bitmap              [   7.15060] _al_d3d_sync_bitmap (system) ref count == 1
d3d      D          d3d_bmp.cpp:545  _al_d3d_sync_bitmap              [   7.15062] _al_d3d_sync_bitmap (video) ref count == 1
dtor     D               dtor.c:227  _al_unregister_destructor        [   7.15409] removed dtor for bitmap 071A4788
bitmap   D        bitmap_type.c:308  _al_convert_to_memory_bitmap     [   7.15501] converting display bitmap 07192388 to memory bitmap
dtor     D               dtor.c:196  _al_register_destructor          [   7.15591] added dtor for bitmap 071A4900, func 00C2222A
d3d      D          d3d_bmp.cpp:539  _al_d3d_sync_bitmap              [   7.15594] _al_d3d_sync_bitmap (system) ref count == 1
d3d      D          d3d_bmp.cpp:545  _al_d3d_sync_bitmap              [   7.15598] _al_d3d_sync_bitmap (video) ref count == 1
dtor     D               dtor.c:227  _al_unregister_destructor        [   7.15927] removed dtor for bitmap 071A4900
bitmap   D        bitmap_type.c:308  _al_convert_to_memory_bitmap     [   7.16026] converting display bitmap 07191F20 to memory bitmap
dtor     D               dtor.c:196  _al_register_destructor          [   7.16120] added dtor for bitmap 071A4D68, func 00C2222A
d3d      D          d3d_bmp.cpp:539  _al_d3d_sync_bitmap              [   7.16124] _al_d3d_sync_bitmap (system) ref count == 1
d3d      D          d3d_bmp.cpp:545  _al_d3d_sync_bitmap              [   7.16126] _al_d3d_sync_bitmap (video) ref count == 1
dtor     D               dtor.c:227  _al_unregister_destructor        [   7.16541] removed dtor for bitmap 071A4D68
bitmap   D        bitmap_type.c:308  _al_convert_to_memory_bitmap     [   7.16656] converting display bitmap 07192098 to memory bitmap
dtor     D               dtor.c:196  _al_register_destructor          [   7.16755] added dtor for bitmap 071A4EE0, func 00C2222A
d3d      D          d3d_bmp.cpp:539  _al_d3d_sync_bitmap              [   7.16759] _al_d3d_sync_bitmap (system) ref count == 1
d3d      D          d3d_bmp.cpp:545  _al_d3d_sync_bitmap              [   7.16761] _al_d3d_sync_bitmap (video) ref count == 1
dtor     D               dtor.c:227  _al_unregister_destructor        [   7.17135] removed dtor for bitmap 071A4EE0
d3d      D         d3d_disp.cpp:885  d3d_destroy_display_internals    [   7.17239] waiting for display 007B9668's thread to end
d3d      W         d3d_disp.cpp:595  d3d_destroy_device               [   7.17682] d3d_destroy_device: ref count not 0
d3d      I         d3d_disp.cpp:1549 d3d_display_thread_proc          [   7.18606] d3d display thread exits
dtor     D               dtor.c:116  _al_run_destructors              [   7.18614] calling dtor for bitmap 071A3EB8, func 00C2222A
dtor     D               dtor.c:227  _al_unregister_destructor        [   7.18617] removed dtor for bitmap 071A3EB8
dtor     D               dtor.c:116  _al_run_destructors              [   7.18686] calling dtor for bitmap 071A3D40, func 00C2222A
dtor     D               dtor.c:227  _al_unregister_destructor        [   7.18693] removed dtor for bitmap 071A3D40
dtor     D               dtor.c:116  _al_run_destructors              [   7.18776] calling dtor for bitmap 071A3BC8, func 00C2222A
dtor     D               dtor.c:227  _al_unregister_destructor        [   7.18785] removed dtor for bitmap 071A3BC8
dtor     D               dtor.c:116  _al_run_destructors              [   7.18839] calling dtor for bitmap 071A3A50, func 00C2222A
dtor     D               dtor.c:227  _al_unregister_destructor        [   7.18843] removed dtor for bitmap 071A3A50
dtor     D               dtor.c:116  _al_run_destructors              [   7.18902] calling dtor for bitmap 071A4320, func 00C2222A
dtor     D               dtor.c:227  _al_unregister_destructor        [   7.18905] removed dtor for bitmap 071A4320
dtor     D               dtor.c:116  _al_run_destructors              [   7.18959] calling dtor for bitmap 071A4BF0, func 00C2222A
dtor     D               dtor.c:227  _al_unregister_destructor        [   7.18963] removed dtor for bitmap 071A4BF0
dtor     D               dtor.c:116  _al_run_destructors              [   7.19017] calling dtor for bitmap 071A4610, func 00C2222A
dtor     D               dtor.c:227  _al_unregister_destructor        [   7.19021] removed dtor for bitmap 071A4610
dtor     D               dtor.c:116  _al_run_destructors              [   7.19075] calling dtor for bitmap 071A4498, func 00C2222A
dtor     D               dtor.c:227  _al_unregister_destructor        [   7.19080] removed dtor for bitmap 071A4498
dtor     D               dtor.c:116  _al_run_destructors              [   7.19091] calling dtor for bitmap 07192678, func 00C2222A
dtor     D               dtor.c:227  _al_unregister_destructor        [   7.19093] removed dtor for bitmap 07192678
dtor     D               dtor.c:116  _al_run_destructors              [   7.19096] calling dtor for bitmap 07191C30, func 00C2222A
dtor     D               dtor.c:227  _al_unregister_destructor        [   7.19099] removed dtor for bitmap 07191C30
dtor     D               dtor.c:116  _al_run_destructors              [   7.19101] calling dtor for bitmap 07192500, func 00C2222A
dtor     D               dtor.c:227  _al_unregister_destructor        [   7.19104] removed dtor for bitmap 07192500
dtor     D               dtor.c:116  _al_run_destructors              [   7.19106] calling dtor for bitmap 07191AB8, func 00C2222A
dtor     D               dtor.c:227  _al_unregister_destructor        [   7.19109] removed dtor for bitmap 07191AB8
dtor     D               dtor.c:116  _al_run_destructors              [   7.19112] calling dtor for bitmap 07191DA8, func 00C2222A
dtor     D               dtor.c:227  _al_unregister_destructor        [   7.19115] removed dtor for bitmap 07191DA8
dtor     D               dtor.c:116  _al_run_destructors              [   7.19118] calling dtor for bitmap 071927F0, func 00C2222A
dtor     D               dtor.c:227  _al_unregister_destructor        [   7.19121] removed dtor for bitmap 071927F0
dtor     D               dtor.c:116  _al_run_destructors              [   7.19168] calling dtor for bitmap 07192388, func 00C2222A
dtor     D               dtor.c:227  _al_unregister_destructor        [   7.19171] removed dtor for bitmap 07192388
dtor     D               dtor.c:116  _al_run_destructors              [   7.19221] calling dtor for bitmap 07191F20, func 00C2222A
dtor     D               dtor.c:227  _al_unregister_destructor        [   7.19224] removed dtor for bitmap 07191F20
dtor     D               dtor.c:116  _al_run_destructors              [   7.19279] calling dtor for bitmap 07192098, func 00C2222A
dtor     D               dtor.c:227  _al_unregister_destructor        [   7.19281] removed dtor for bitmap 07192098
dtor     D               dtor.c:116  _al_run_destructors              [   7.19342] calling dtor for ttf_font 007BECF8, func 0FC8105A
dtor     D               dtor.c:227  _al_unregister_destructor        [   7.19349] removed dtor for ttf_font 007BECF8
dtor     D               dtor.c:116  _al_run_destructors              [   7.19360] calling dtor for queue 07174650, func 00C22379
dtor     D               dtor.c:227  _al_unregister_destructor        [   7.19363] removed dtor for queue 07174650
dtor     D               dtor.c:116  _al_run_destructors              [   7.19367] calling dtor for timer 007B2560, func 00C21730
dtor     D               dtor.c:227  _al_unregister_destructor        [   7.19369] removed dtor for timer 007B2560
dtor     D               dtor.c:227  _al_unregister_destructor        [   7.19372] removed dtor for sample_instance 07174540
dtor     D               dtor.c:227  _al_unregister_destructor        [   7.19375] removed dtor for mixer 007E5E58
audio-dsound D           dsound.cpp:509  _dsound_stop_voice               [   7.19378] Stopping voice
audio-dsound D           dsound.cpp:526  _dsound_stop_voice               [   7.19380] Joining thread
audio-dsound D           dsound.cpp:532  _dsound_stop_voice               [   7.19834] Joined thread
audio-dsound D           dsound.cpp:534  _dsound_stop_voice               [   7.19838] Destroying thread
audio-dsound D           dsound.cpp:536  _dsound_stop_voice               [   7.19840] Thread destroyed
audio-dsound D           dsound.cpp:543  _dsound_stop_voice               [   7.19842] Releasing buffer
audio-dsound I           dsound.cpp:547  _dsound_stop_voice               [   7.19844] Voice stopped
dtor     D               dtor.c:227  _al_unregister_destructor        [   7.19851] removed dtor for voice 07163348
audio-dsound D           dsound.cpp:359  _dsound_deallocate_voice         [   7.19853] Deallocating voice
audio-dsound D           dsound.cpp:364  _dsound_deallocate_voice         [   7.19855] Deallocated voice
dtor     D               dtor.c:116  _al_run_destructors              [   7.19858] calling dtor for sample 07153230, func 0FC213ED
dtor     D               dtor.c:227  _al_unregister_destructor        [   7.19860] removed dtor for sample 07153230
audio-dsound D           dsound.cpp:275  _dsound_close                    [   7.20722] Releasing device
audio-dsound D           dsound.cpp:277  _dsound_close                    [   7.22628] Released device
audio-dsound I           dsound.cpp:278  _dsound_close                    [   7.22632] DirectSound closed
